18:11:34: Creating resource group General
18:11:34: Creating resource group Internal
18:11:34: Creating resource group Autodetect
18:11:34: SceneManagerFactory for type 'DefaultSceneManager' registered.
18:11:34: Registering ResourceManager for type Material
18:11:34: Registering ResourceManager for type Mesh
18:11:34: Registering ResourceManager for type Skeleton
18:11:34: MovableObjectFactory for type 'ParticleSystem' registered.
18:11:34: OverlayElementFactory for type Panel registered.
18:11:34: OverlayElementFactory for type BorderPanel registered.
18:11:34: OverlayElementFactory for type TextArea registered.
18:11:34: Registering ResourceManager for type Font
18:11:34: ArchiveFactory for archive type FileSystem registered.
18:11:34: ArchiveFactory for archive type Zip registered.
18:11:34: DDS codec registering
18:11:34: FreeImage version: 3.15.1
18:11:34: This program uses FreeImage, a free, open source image library supporting all common bitmap formats. See http://freeimage.sourceforge.net for details
18:11:34: Supported formats: bmp,ico,jpg,jif,jpeg,jpe,jng,koa,iff,lbm,mng,pbm,pbm,pcd,pcx,pgm,pgm,png,ppm,ppm,ras,tga,targa,tif,tiff,wap,wbmp,wbm,psd,cut,xbm,xpm,gif,hdr,g3,sgi,exr,j2k,j2c,jp2,pfm,pct,pict,pic,3fr,arw,bay,bmq,cap,cine,cr2,crw,cs1,dc2,dcr,drf,dsc,dng,erf,fff,ia,iiq,k25,kc2,kdc,mdc,mef,mos,mrw,nef,nrw,orf,pef,ptx,pxn,qtk,raf,raw,rdc,rw2,rwl,rwz,sr2,srf,sti
18:11:34: Registering ResourceManager for type HighLevelGpuProgram
18:11:34: Registering ResourceManager for type Compositor
18:11:34: MovableObjectFactory for type 'Entity' registered.
18:11:34: MovableObjectFactory for type 'Light' registered.
18:11:34: MovableObjectFactory for type 'BillboardSet' registered.
18:11:34: MovableObjectFactory for type 'ManualObject' registered.
18:11:34: MovableObjectFactory for type 'BillboardChain' registered.
18:11:34: MovableObjectFactory for type 'RibbonTrail' registered.
18:11:34: *-*-* OGRE Initialising
18:11:34: *-*-* Version 1.7.4 (Cthugha)
18:11:34: Loading library /usr/lib/x86_64-linux-gnu/OGRE-1.7.4/RenderSystem_GL
18:11:34: Installing plugin: GL RenderSystem
18:11:34: OpenGL Rendering Subsystem created.
18:11:34: Plugin successfully installed
18:11:34: Loading library /usr/lib/x86_64-linux-gnu/OGRE-1.7.4/Plugin_OctreeSceneManager
18:11:34: Installing plugin: Octree & Terrain Scene Manager
18:11:34: Plugin successfully installed
18:11:34: Loading library /usr/lib/x86_64-linux-gnu/OGRE-1.7.4/Plugin_ParticleFX
18:11:34: Installing plugin: ParticleFX
18:11:34: Particle Emitter Type 'Point' registered
18:11:34: Particle Emitter Type 'Box' registered
18:11:34: Particle Emitter Type 'Ellipsoid' registered
18:11:34: Particle Emitter Type 'Cylinder' registered
18:11:34: Particle Emitter Type 'Ring' registered
18:11:34: Particle Emitter Type 'HollowEllipsoid' registered
18:11:34: Particle Affector Type 'LinearForce' registered
18:11:34: Particle Affector Type 'ColourFader' registered
18:11:34: Particle Affector Type 'ColourFader2' registered
18:11:34: Particle Affector Type 'ColourImage' registered
18:11:34: Particle Affector Type 'ColourInterpolator' registered
18:11:34: Particle Affector Type 'Scaler' registered
18:11:34: Particle Affector Type 'Rotator' registered
18:11:34: Particle Affector Type 'DirectionRandomiser' registered
18:11:34: Particle Affector Type 'DeflectorPlane' registered
18:11:34: Plugin successfully installed
18:11:34: CPU Identifier & Features
18:11:34: -------------------------
18:11:34:  *   CPU ID: AuthenticAMD: AMD FX(tm)-8120 Eight-Core Processor
18:11:34:  *      SSE: yes
18:11:34:  *     SSE2: yes
18:11:34:  *     SSE3: yes
18:11:34:  *      MMX: yes
18:11:34:  *   MMXEXT: yes
18:11:34:  *    3DNOW: no
18:11:34:  * 3DNOWEXT: no
18:11:34:  *     CMOV: yes
18:11:34:  *      TSC: yes
18:11:34:  *      FPU: yes
18:11:34:  *      PRO: yes
18:11:34:  *       HT: no
18:11:34: -------------------------
18:11:34: ******************************
*** Starting GLX Subsystem ***
******************************
18:11:34: GLRenderSystem::_createRenderWindow "OgreWindow(0)", 1x1 windowed  miscParams: externalGLControl= macAPI=carbon parentWindowHandle=58720257 
18:11:34: GLXWindow::create used FBConfigID = 210
18:11:34: GL_VERSION = 3.0 Mesa 9.2.1
18:11:34: GL_VENDOR = nouveau
18:11:34: GL_RENDERER = Gallium 0.4 on NVCE
18:11:34: GL_EXTENSIONS = GL_ARB_multisample GL_EXT_abgr GL_EXT_bgra GL_EXT_blend_color GL_EXT_blend_minmax GL_EXT_blend_subtract GL_EXT_copy_texture GL_EXT_polygon_offset GL_EXT_subtexture GL_EXT_texture_object GL_EXT_vertex_array GL_EXT_compiled_vertex_array GL_EXT_texture GL_EXT_texture3D GL_IBM_rasterpos_clip GL_ARB_point_parameters GL_EXT_draw_range_elements GL_EXT_packed_pixels GL_EXT_point_parameters GL_EXT_rescale_normal GL_EXT_separate_specular_color GL_EXT_texture_edge_clamp GL_SGIS_generate_mipmap GL_SGIS_texture_border_clamp GL_SGIS_texture_edge_clamp GL_SGIS_texture_lod GL_ARB_framebuffer_sRGB GL_ARB_multitexture GL_EXT_framebuffer_sRGB GL_IBM_multimode_draw_arrays GL_IBM_texture_mirrored_repeat GL_ARB_texture_cube_map GL_ARB_texture_env_add GL_ARB_transpose_matrix GL_EXT_blend_func_separate GL_EXT_fog_coord GL_EXT_multi_draw_arrays GL_EXT_secondary_color GL_EXT_texture_env_add GL_EXT_texture_filter_anisotropic GL_EXT_texture_lod_bias GL_INGR_blend_func_separate GL_NV_blend_square GL_NV_light_max_exponent GL_NV_texgen_reflection GL_NV_texture_env_combine4 GL_S3_s3tc GL_SUN_multi_draw_arrays GL_ARB_texture_border_clamp GL_ARB_texture_compression GL_EXT_framebuffer_object GL_EXT_texture_compression_s3tc GL_EXT_texture_env_combine GL_EXT_texture_env_dot3 GL_MESA_window_pos GL_NV_packed_depth_stencil GL_NV_texture_rectangle GL_ARB_depth_texture GL_ARB_occlusion_query GL_ARB_shadow GL_ARB_texture_env_combine GL_ARB_texture_env_crossbar GL_ARB_texture_env_dot3 GL_ARB_texture_mirrored_repeat GL_ARB_window_pos GL_EXT_stencil_two_side GL_EXT_texture_cube_map GL_NV_depth_clamp GL_NV_fog_distance GL_APPLE_packed_pixels GL_APPLE_vertex_array_object GL_ARB_draw_buffers GL_ARB_fragment_program GL_ARB_fragment_shader GL_ARB_shader_objects GL_ARB_vertex_program GL_ARB_vertex_shader GL_ATI_draw_buffers GL_ATI_texture_env_combine3 GL_ATI_texture_float GL_EXT_shadow_funcs GL_EXT_stencil_wrap GL_MESA_pack_invert GL_NV_primitive_restart GL_ARB_depth_clamp GL_ARB_fragment_program_shadow GL_ARB_half_float_pixel GL_ARB_occlusion_query2 GL_ARB_point_sprite GL_ARB_shading_language_100 GL_ARB_sync GL_ARB_texture_non_power_of_two GL_ARB_vertex_buffer_object GL_ATI_blend_equation_separate GL_EXT_blend_equation_separate GL_OES_read_format GL_ARB_color_buffer_float GL_ARB_pixel_buffer_object GL_ARB_texture_compression_rgtc GL_ARB_texture_float GL_ARB_texture_rectangle GL_ATI_texture_compression_3dc GL_EXT_packed_float GL_EXT_pixel_buffer_object GL_EXT_texture_compression_dxt1 GL_EXT_texture_compression_rgtc GL_EXT_texture_mirror_clamp GL_EXT_texture_rectangle GL_EXT_texture_sRGB GL_EXT_texture_shared_exponent GL_ARB_framebuffer_object GL_EXT_framebuffer_blit GL_EXT_framebuffer_multisample GL_EXT_packed_depth_stencil GL_ARB_vertex_array_object GL_ATI_separate_stencil GL_ATI_texture_mirror_once GL_EXT_draw_buffers2 GL_EXT_draw_instanced GL_EXT_gpu_program_parameters GL_EXT_texture_array GL_EXT_texture_compression_latc GL_EXT_texture_integer GL_EXT_texture_sRGB_decode GL_EXT_timer_query GL_OES_EGL_image GL_MESA_texture_array GL_ARB_copy_buffer GL_ARB_depth_buffer_float GL_ARB_draw_instanced GL_ARB_half_float_vertex GL_ARB_instanced_arrays GL_ARB_map_buffer_range GL_ARB_texture_rg GL_ARB_texture_swizzle GL_ARB_vertex_array_bgra GL_EXT_texture_swizzle GL_EXT_vertex_array_bgra GL_NV_conditional_render GL_AMD_conservative_depth GL_AMD_draw_buffers_blend GL_ARB_ES2_compatibility GL_ARB_blend_func_extended GL_ARB_debug_output GL_ARB_draw_buffers_blend GL_ARB_draw_elements_base_vertex GL_ARB_explicit_attrib_location GL_ARB_fragment_coord_conventions GL_ARB_provoking_vertex GL_ARB_sampler_objects GL_ARB_seamless_cube_map GL_ARB_shader_texture_lod GL_ARB_texture_cube_map_array GL_ARB_texture_multisample GL_ARB_uniform_buffer_object GL_EXT_provoking_vertex GL_EXT_texture_snorm GL_MESA_texture_signed_rgba GL_NV_texture_barrier GL_ARB_get_program_binary GL_ARB_robustness GL_ARB_shader_bit_encoding GL_ARB_timer_query GL_ARB_transform_feedback2 GL_ARB_transform_feedback3 GL_ANGLE_texture_compression_dxt3 GL_ANGLE_texture_compression_dxt5 GL_ARB_base_instance GL_ARB_conservative_depth GL_ARB_internalformat_query GL_ARB_map_buffer_alignment GL_ARB_shading_language_420pack GL_ARB_shading_language_packing GL_ARB_texture_storage GL_ARB_transform_feedback_instanced GL_EXT_transform_feedback GL_ARB_invalidate_subdata GL_ARB_texture_storage_multisample 
18:11:34: Supported GLX extensions: GLX_ARB_create_context GLX_ARB_create_context_profile GLX_ARB_get_proc_address GLX_ARB_multisample GLX_EXT_import_context GLX_EXT_visual_info GLX_EXT_visual_rating GLX_EXT_create_context_es2_profile GLX_MESA_copy_sub_buffer GLX_MESA_multithread_makecurrent GLX_MESA_swap_control GLX_OML_swap_method GLX_OML_sync_control GLX_SGI_make_current_read GLX_SGI_swap_control GLX_SGI_video_sync GLX_SGIS_multisample GLX_SGIX_fbconfig GLX_SGIX_pbuffer GLX_SGIX_visual_select_group GLX_EXT_texture_from_pixmap GLX_INTEL_swap_event 
18:11:34: ***************************
18:11:34: *** GL Renderer Started ***
18:11:34: ***************************
18:11:34: Registering ResourceManager for type GpuProgram
18:11:34: GLSL support detected
18:11:34: GL: Using GL_EXT_framebuffer_object for rendering to textures (best)
18:11:34: FBO PF_UNKNOWN depth/stencil support: D0S1 D0S4 D0S8 D0S16 D16S0 D24S0 D32S0 Packed-D24S8 
18:11:34: FBO PF_L8 depth/stencil support: D0S0 D0S1 D0S4 D0S8 D0S16 D16S0 D24S0 D32S0 Packed-D24S8 
18:11:34: FBO PF_L16 depth/stencil support: D0S0 D0S1 D0S4 D0S8 D0S16 D16S0 D24S0 D32S0 Packed-D24S8 
18:11:34: FBO PF_A8 depth/stencil support: D0S0 D0S1 D0S4 D0S8 D0S16 D16S0 D24S0 D32S0 Packed-D24S8 
18:11:34: FBO PF_R5G6B5 depth/stencil support: D0S0 D0S1 D0S4 D0S8 D0S16 D16S0 D24S0 D32S0 Packed-D24S8 
18:11:34: FBO PF_B5G6R5 depth/stencil support: D0S0 D0S1 D0S4 D0S8 D0S16 D16S0 D24S0 D32S0 Packed-D24S8 
18:11:34: FBO PF_A1R5G5B5 depth/stencil support: D0S0 D0S1 D0S4 D0S8 D0S16 D16S0 D24S0 D32S0 Packed-D24S8 
18:11:34: FBO PF_R8G8B8 depth/stencil support: D0S0 D0S1 D0S4 D0S8 D0S16 D16S0 D24S0 D32S0 Packed-D24S8 
18:11:34: FBO PF_B8G8R8 depth/stencil support: D0S0 D0S1 D0S4 D0S8 D0S16 D16S0 D24S0 D32S0 Packed-D24S8 
18:11:34: FBO PF_A8R8G8B8 depth/stencil support: D0S0 D0S1 D0S4 D0S8 D0S16 D16S0 D24S0 D32S0 Packed-D24S8 
18:11:34: FBO PF_B8G8R8A8 depth/stencil support: D0S0 D0S1 D0S4 D0S8 D0S16 D16S0 D24S0 D32S0 Packed-D24S8 
18:11:34: FBO PF_A2R10G10B10 depth/stencil support: D0S0 D0S1 D0S4 D0S8 D0S16 D16S0 D24S0 D32S0 Packed-D24S8 
18:11:34: FBO PF_A2B10G10R10 depth/stencil support: D0S0 D0S1 D0S4 D0S8 D0S16 D16S0 D24S0 D32S0 Packed-D24S8 
18:11:34: FBO PF_FLOAT16_RGB depth/stencil support: D0S0 D0S1 D0S4 D0S8 D0S16 D16S0 D24S0 D32S0 Packed-D24S8 
18:11:34: FBO PF_FLOAT16_RGBA depth/stencil support: D0S0 D0S1 D0S4 D0S8 D0S16 D16S0 D24S0 D32S0 Packed-D24S8 
18:11:34: FBO PF_FLOAT32_RGB depth/stencil support: D0S0 D0S1 D0S4 D0S8 D0S16 D16S0 D24S0 D32S0 Packed-D24S8 
18:11:34: FBO PF_FLOAT32_RGBA depth/stencil support: D0S0 D0S1 D0S4 D0S8 D0S16 D16S0 D24S0 D32S0 Packed-D24S8 
18:11:34: FBO PF_X8R8G8B8 depth/stencil support: D0S0 D0S1 D0S4 D0S8 D0S16 D16S0 D24S0 D32S0 Packed-D24S8 
18:11:34: FBO PF_X8B8G8R8 depth/stencil support: D0S0 D0S1 D0S4 D0S8 D0S16 D16S0 D24S0 D32S0 Packed-D24S8 
18:11:34: FBO PF_SHORT_RGBA depth/stencil support: D0S0 D0S1 D0S4 D0S8 D0S16 D16S0 D24S0 D32S0 Packed-D24S8 
18:11:34: FBO PF_FLOAT16_R depth/stencil support: D0S0 D0S1 D0S4 D0S8 D0S16 D16S0 D24S0 D32S0 Packed-D24S8 
18:11:34: FBO PF_FLOAT32_R depth/stencil support: D0S0 D0S1 D0S4 D0S8 D0S16 D16S0 D24S0 D32S0 Packed-D24S8 
18:11:34: [GL] : Valid FBO targets PF_UNKNOWN PF_L8 PF_L16 PF_A8 PF_R5G6B5 PF_B5G6R5 PF_A1R5G5B5 PF_R8G8B8 PF_B8G8R8 PF_A8R8G8B8 PF_B8G8R8A8 PF_A2R10G10B10 PF_A2B10G10R10 PF_FLOAT16_RGB PF_FLOAT16_RGBA PF_FLOAT32_RGB PF_FLOAT32_RGBA PF_X8R8G8B8 PF_X8B8G8R8 PF_SHORT_RGBA PF_FLOAT16_R PF_FLOAT32_R 
18:11:34: RenderSystem capabilities
18:11:34: -------------------------
18:11:34: RenderSystem Name: OpenGL Rendering Subsystem
18:11:34: GPU Vendor: unknown
18:11:34: Device Name: Gallium 0.4 on NVCE
18:11:34: Driver Version: 3.0.0.0
18:11:34:  * Fixed function pipeline: yes
18:11:34:  * Hardware generation of mipmaps: yes
18:11:34:  * Texture blending: yes
18:11:34:  * Anisotropic texture filtering: yes
18:11:34:  * Dot product texture operation: yes
18:11:34:  * Cube mapping: yes
18:11:34:  * Hardware stencil buffer: yes
18:11:34:    - Stencil depth: 8
18:11:34:    - Two sided stencil support: yes
18:11:34:    - Wrap stencil values: yes
18:11:34:  * Hardware vertex / index buffers: yes
18:11:34:  * Vertex programs: yes
18:11:34:  * Number of floating-point constants for vertex programs: 4096
18:11:34:  * Number of integer constants for vertex programs: 0
18:11:34:  * Number of boolean constants for vertex programs: 0
18:11:34:  * Fragment programs: yes
18:11:34:  * Number of floating-point constants for fragment programs: 4096
18:11:34:  * Number of integer constants for fragment programs: 0
18:11:34:  * Number of boolean constants for fragment programs: 0
18:11:34:  * Geometry programs: no
18:11:34:  * Number of floating-point constants for geometry programs: 0
18:11:34:  * Number of integer constants for geometry programs: 0
18:11:34:  * Number of boolean constants for geometry programs: 0
18:11:34:  * Supported Shader Profiles: arbfp1 arbvp1 glsl
18:11:34:  * Texture Compression: yes
18:11:34:    - DXT: yes
18:11:34:    - VTC: no
18:11:34:    - PVRTC: no
18:11:34:  * Scissor Rectangle: yes
18:11:34:  * Hardware Occlusion Query: yes
18:11:34:  * User clip planes: yes
18:11:34:  * VET_UBYTE4 vertex element type: yes
18:11:34:  * Infinite far plane projection: yes
18:11:34:  * Hardware render-to-texture: yes
18:11:34:  * Floating point textures: yes
18:11:34:  * Non-power-of-two textures: yes
18:11:34:  * Volume textures: yes
18:11:34:  * Multiple Render Targets: 8
18:11:34:    - With different bit depths: yes
18:11:34:  * Point Sprites: yes
18:11:34:  * Extended point parameters: yes
18:11:34:  * Max Point Size: 63.375
18:11:34:  * Vertex texture fetch: yes
18:11:34:  * Number of world matrices: 0
18:11:34:  * Number of texture units: 16
18:11:34:  * Stencil buffer depth: 8
18:11:34:  * Number of vertex blend matrices: 0
18:11:34:    - Max vertex textures: 16
18:11:34:    - Vertex textures shared: yes
18:11:34:  * Render to Vertex Buffer : no
18:11:34:  * GL 1.5 without VBO workaround: no
18:11:34:  * Frame Buffer objects: yes
18:11:34:  * Frame Buffer objects (ARB extension): no
18:11:34:  * Frame Buffer objects (ATI extension): no
18:11:34:  * PBuffer support: yes
18:11:34:  * GL 1.5 without HW-occlusion workaround: no
18:11:34: Registering ResourceManager for type Texture
18:11:34: DefaultWorkQueue('Root') initialising on thread 0x3540890.
18:11:34: DefaultWorkQueue('Root')::WorkerFunc - thread 0x34f6110 starting.
18:11:34: DefaultWorkQueue('Root')::WorkerFunc - thread 0x34f6460 starting.
18:11:34: DefaultWorkQueue('Root')::WorkerFunc - thread 0x34f67d0 starting.
18:11:34: DefaultWorkQueue('Root')::WorkerFunc - thread 0x3502810 starting.
18:11:34: DefaultWorkQueue('Root')::WorkerFunc - thread 0x36a6370 starting.
18:11:34: DefaultWorkQueue('Root')::WorkerFunc - thread 0x3502b80 starting.
18:11:34: DefaultWorkQueue('Root')::WorkerFunc - thread 0x3502ef0 starting.
18:11:34: DefaultWorkQueue('Root')::WorkerFunc - thread 0x372e1a0 starting.
18:11:34: Particle Renderer Type 'billboard' registered
18:11:34: SceneManagerFactory for type 'OctreeSceneManager' registered.
18:11:34: SceneManagerFactory for type 'TerrainSceneManager' registered.
18:11:34: Creating resource group rviz
18:11:34: Added resource location '/opt/ros/hydro/share/rviz/ogre_media' of type 'FileSystem' to resource group 'rviz'
18:11:34: Added resource location '/opt/ros/hydro/share/rviz/ogre_media/textures' of type 'FileSystem' to resource group 'rviz'
18:11:34: Added resource location '/opt/ros/hydro/share/rviz/ogre_media/fonts' of type 'FileSystem' to resource group 'rviz'
18:11:34: Added resource location '/opt/ros/hydro/share/rviz/ogre_media/models' of type 'FileSystem' to resource group 'rviz'
18:11:34: Added resource location '/opt/ros/hydro/share/rviz/ogre_media/materials' of type 'FileSystem' to resource group 'rviz'
18:11:34: Added resource location '/opt/ros/hydro/share/rviz/ogre_media/materials/scripts' of type 'FileSystem' to resource group 'rviz'
18:11:34: Added resource location '/opt/ros/hydro/share/rviz/ogre_media/materials/glsl120' of type 'FileSystem' to resource group 'rviz'
18:11:34: Added resource location '/opt/ros/hydro/share/rviz/ogre_media/materials/glsl120/nogp' of type 'FileSystem' to resource group 'rviz'
18:11:34: Added resource location '/opt/ros/hydro/share/rviz/ogre_media/materials/scripts120' of type 'FileSystem' to resource group 'rviz'
18:11:34: Parsing scripts for resource group Autodetect
18:11:34: Finished parsing scripts for resource group Autodetect
18:11:34: Parsing scripts for resource group General
18:11:34: Finished parsing scripts for resource group General
18:11:34: Parsing scripts for resource group Internal
18:11:34: Finished parsing scripts for resource group Internal
18:11:34: Parsing scripts for resource group rviz
18:11:34: Parsing script glsl120.program
18:11:34: GLSL compiled : rviz/glsl120/include/pack_depth.frag
18:11:34: GLSL compiled : rviz/glsl120/include/circle_impl.frag
18:11:34: GLSL compiled : rviz/glsl120/depth_circle.frag
18:11:34: GLSL compiled : rviz/glsl120/include/pack_depth.frag
18:11:34: GLSL compiled : rviz/glsl120/depth.frag
18:11:34: GLSL compiled : rviz/glsl120/include/pass_depth.vert
18:11:34: GLSL compiled : rviz/glsl120/depth.vert
18:11:34: GLSL compiled : rviz/glsl120/flat_color.frag
18:11:34: GLSL compiled : rviz/glsl120/include/circle_impl.frag
18:11:34: GLSL compiled : rviz/glsl120/flat_color_circle.frag
18:11:34: GLSL compiled : rviz/glsl120/indexed_8bit_image.frag
18:11:34: GLSL compiled : rviz/glsl120/include/circle_impl.frag
18:11:34: GLSL compiled : rviz/glsl120/include/circle_impl.frag
18:11:34: GLSL compiled : rviz/glsl120/pickcolor_circle.frag
18:11:34: GLSL compiled : rviz/glsl120/pickcolor.frag
18:11:34: GLSL compiled : rviz/glsl120/point.vert
18:11:34: GLSL compiled : rviz/glsl120/include/pass_depth.vert
18:11:34: GLSL compiled : rviz/glsl120/point.vert(with_depth)
18:11:34: GLSL compiled : rviz/glsl120/shaded_circle.frag
18:11:34: GLSL compiled : rviz/glsl120/smooth_square.frag
18:11:34: Parsing script nogp.program
18:11:34: GLSL compiled : rviz/glsl120/nogp/billboard_tile.vert
18:11:34: GLSL compiled : rviz/glsl120/include/pass_depth.vert
18:11:34: GLSL compiled : rviz/glsl120/nogp/billboard_tile.vert(with_depth)
18:11:34: GLSL compiled : rviz/glsl120/nogp/billboard.vert
18:11:34: GLSL compiled : rviz/glsl120/include/pass_depth.vert
18:11:34: GLSL compiled : rviz/glsl120/nogp/billboard.vert(with_depth)
18:11:34: GLSL compiled : rviz/glsl120/nogp/box.vert
18:11:34: GLSL compiled : rviz/glsl120/include/pass_depth.vert
18:11:34: GLSL compiled : rviz/glsl120/nogp/box.vert(with_depth)
18:11:34: GLSL compiled : rviz/glsl120/nogp/box.frag
18:11:34: Parsing script indexed_8bit_image.material
18:11:34: GLSL compiled : rviz/glsl120/indexed_8bit_image.vert
18:11:34: Parsing script default_pick_and_depth.material
18:11:34: GLSL compiled : rviz/glsl120/black.frag
18:11:34: Parsing script point_cloud_tile.material
18:11:34: GLSL compiled : rviz/glsl120/pass_color.frag
18:11:34: Parsing script point_cloud_point.material
18:11:34: GLSL compiled : rviz/glsl120/pass_color_circle.frag
18:11:34: Parsing script point_cloud_box.material
18:11:34: Parsing script point_cloud_flat_square.material
18:11:34: Parsing script point_cloud_sphere.material
18:11:34: Parsing script point_cloud_square.material
18:11:34: Parsing script arial.fontdef
18:11:34: Finished parsing scripts for resource group rviz
18:11:34: GLRenderSystem::_createRenderWindow "OgreWindow(1)", 100x30 windowed  miscParams: externalGLControl= macAPI=carbon parentWindowHandle=54525997 
18:11:34: GLXWindow::create used FBConfigID = 210
18:11:34: Mesh: Loading rviz_sphere.mesh.
18:11:34: Texture: SelectionRect0Texture: Loading 1 faces(PF_R8G8B8A8,1x1x1) with  hardware generated mipmaps from Image. Internal format is PF_A8R8G8B8,1x1x1.
18:11:35: Mesh: Loading rviz_cylinder.mesh.
18:11:35: Mesh: Loading rviz_cone.mesh.
18:11:37: GLSL link result : 
18:14:55: Texture: MapPaletteTexture0: Loading 1 faces(PF_A8B8G8R8,256x1x1) with  hardware generated mipmaps from Image. Internal format is PF_A8R8G8B8,256x1x1.
18:14:55: Texture: MapPaletteTexture1: Loading 1 faces(PF_A8B8G8R8,256x1x1) with  hardware generated mipmaps from Image. Internal format is PF_A8R8G8B8,256x1x1.
18:14:55: GLSL link result : 
18:20:14: Texture: MapPaletteTexture2: Loading 1 faces(PF_A8B8G8R8,256x1x1) with  hardware generated mipmaps from Image. Internal format is PF_A8R8G8B8,256x1x1.
18:20:14: Texture: MapPaletteTexture3: Loading 1 faces(PF_A8B8G8R8,256x1x1) with  hardware generated mipmaps from Image. Internal format is PF_A8R8G8B8,256x1x1.
